2019-11-19 13:26:30,284 [INFO] [main] com.example.baike.BaikeApplication [StartupInfoLogger.java : 55] Starting BaikeApplication on shenjunjiedeMacBook-Pro.local with PID 86694 (/Users/hailuo/Desktop/baike/target/classes started by hailuo in /Users/hailuo/Desktop/baike)
2019-11-19 13:26:30,287 [INFO] [main] com.example.baike.BaikeApplication [SpringApplication.java : 651] No active profile set, falling back to default profiles: default
2019-11-19 13:26:31,394 [INFO] [main] org.springframework.boot.web.embedded.tomcat.TomcatWebServer [TomcatWebServer.java : 92] Tomcat initialized with port(s): 8443 (http)
2019-11-19 13:26:31,407 [INFO] [main] org.apache.catalina.core.StandardService [DirectJDKLog.java : 173] Starting service [Tomcat]
2019-11-19 13:26:31,407 [INFO] [main] org.apache.catalina.core.StandardEngine [DirectJDKLog.java : 173] Starting Servlet engine: [Apache Tomcat/9.0.27]
2019-11-19 13:26:31,493 [INFO] [main] o.a.catalina.core.ContainerBase.[Tomcat].[localhost].[/] [DirectJDKLog.java : 173] Initializing Spring embedded WebApplicationContext
2019-11-19 13:26:31,494 [INFO] [main] org.springframework.web.context.ContextLoader [ServletWebServerApplicationContext.java : 284] Root WebApplicationContext: initialization completed in 1162 ms
2019-11-19 13:26:32,052 [INFO] [main] org.springframework.boot.web.embedded.tomcat.TomcatWebServer [TomcatWebServer.java : 204] Tomcat started on port(s): 8443 (http) with context path ''
2019-11-19 13:26:32,056 [INFO] [main] com.example.baike.BaikeApplication [StartupInfoLogger.java : 61] Started BaikeApplication in 2.487 seconds (JVM running for 2.845)
2019-11-19 13:27:06,554 [INFO] [http-nio-8443-exec-1] o.a.catalina.core.ContainerBase.[Tomcat].[localhost].[/] [DirectJDKLog.java : 173] Initializing Spring DispatcherServlet 'dispatcherServlet'
2019-11-19 13:27:06,556 [INFO] [http-nio-8443-exec-1] org.springframework.web.servlet.DispatcherServlet [FrameworkServlet.java : 525] Initializing Servlet 'dispatcherServlet'
2019-11-19 13:27:06,566 [INFO] [http-nio-8443-exec-1] org.springframework.web.servlet.DispatcherServlet [FrameworkServlet.java : 547] Completed initialization in 9 ms
2019-11-19 13:27:31,556 [INFO] [http-nio-8443-exec-4] com.example.baike.controller.LoginController [LoginController.java : 44] 550847434@qq.com
2019-11-19 13:27:31,556 [INFO] [http-nio-8443-exec-4] com.example.baike.controller.LoginController [LoginController.java : 46] dd
2019-11-19 13:27:31,557 [INFO] [http-nio-8443-exec-4] com.example.baike.controller.LoginController [LoginController.java : 47] com.example.baike.service.impl.LoginServiceImpl@45b4e2e8
2019-11-19 13:27:31,557 [INFO] [http-nio-8443-exec-4] com.example.baike.controller.LoginController [LoginController.java : 48] aa
2019-11-19 13:27:31,589 [INFO] [http-nio-8443-exec-4] com.zaxxer.hikari.HikariDataSource [HikariDataSource.java : 110] HikariPool-1 - Starting...
2019-11-19 13:27:32,166 [INFO] [http-nio-8443-exec-4] com.zaxxer.hikari.HikariDataSource [HikariDataSource.java : 123] HikariPool-1 - Start completed.
2019-11-19 13:27:32,177 [DEBUG] [http-nio-8443-exec-4] com.example.baike.mapper.LoginMapper.selectByAccount [BaseJdbcLogger.java : 143] ==>  Preparing: select * from BK_User where account = ? 
2019-11-19 13:27:32,213 [DEBUG] [http-nio-8443-exec-4] com.example.baike.mapper.LoginMapper.selectByAccount [BaseJdbcLogger.java : 143] ==> Parameters: 550847434@qq.com(String)
2019-11-19 13:27:32,280 [TRACE] [http-nio-8443-exec-4] com.example.baike.mapper.LoginMapper.selectByAccount [BaseJdbcLogger.java : 149] <==    Columns: uID, account, password, salt
2019-11-19 13:27:32,280 [TRACE] [http-nio-8443-exec-4] com.example.baike.mapper.LoginMapper.selectByAccount [BaseJdbcLogger.java : 149] <==        Row: 10036, 550847434@qq.com, D96619FEE91310FF66C552E462AC9239, C4EA1959724A4A348FCF3AF276DFA0B5
2019-11-19 13:27:32,282 [DEBUG] [http-nio-8443-exec-4] com.example.baike.mapper.LoginMapper.selectByAccount [BaseJdbcLogger.java : 143] <==      Total: 1
2019-11-19 13:27:32,288 [DEBUG] [http-nio-8443-exec-4] com.example.baike.mapper.LoginMapper.selectStateByUID [BaseJdbcLogger.java : 143] ==>  Preparing: select state from BK_UserInfo where uID = ? 
2019-11-19 13:27:32,289 [DEBUG] [http-nio-8443-exec-4] com.example.baike.mapper.LoginMapper.selectStateByUID [BaseJdbcLogger.java : 143] ==> Parameters: 10036(Integer)
2019-11-19 13:27:32,322 [TRACE] [http-nio-8443-exec-4] com.example.baike.mapper.LoginMapper.selectStateByUID [BaseJdbcLogger.java : 149] <==    Columns: state
2019-11-19 13:27:32,323 [TRACE] [http-nio-8443-exec-4] com.example.baike.mapper.LoginMapper.selectStateByUID [BaseJdbcLogger.java : 149] <==        Row: 1
2019-11-19 13:27:32,325 [DEBUG] [http-nio-8443-exec-4] com.example.baike.mapper.LoginMapper.selectStateByUID [BaseJdbcLogger.java : 143] <==      Total: 1
2019-11-19 13:40:23,818 [INFO] [SpringContextShutdownHook] com.zaxxer.hikari.HikariDataSource [HikariDataSource.java : 350] HikariPool-1 - Shutdown initiated...
2019-11-19 13:40:23,859 [INFO] [SpringContextShutdownHook] com.zaxxer.hikari.HikariDataSource [HikariDataSource.java : 352] HikariPool-1 - Shutdown completed.
